[backblue.gif]
[fade.gif]
[index.html]
[cdn.jsdelivr.net/npm/bootstrap@4.5.3/dist/css/bootstrap.min.css]
[kit.fontawesome.com/e9fa47191a.js]
[cdn.glitch.com/8902aaf1-34f7-495d-959b-736e55d2cbdf/aura bot list9f4c.png]
[cdn.discordapp.com/avatars/706590839530455081/a9ed5445d32271612cfc67cde913e5b3.png]
[cdn.discordapp.com/avatars/736025853707681902/03b820e1640c02f86f1004e8cd610e25.png]
[cdn.discordapp.com/avatars/763042495655313479/993f5a9c4f14e02bf627ff07893b7072.png]
[cdn.discordapp.com/avatars/769945498651852821/41a47e8e27360221f8b50e996c1dc2f7.png]
[cdn.discordapp.com/avatars/778906824514338859/63d2aac5a270e8235b8d2bfe7b0a8c51.png]
[cdn.discordapp.com/avatars/716251377470537828/fbe20a13c1085029946e5b784f526c1f.png]
[cdn.discordapp.com/avatars/774060571334410240/2a96c977af69eb0436fc21b187965742.png]
[cdn.discordapp.com/avatars/717089593576521773/ec0c51e4f2896526d805d26da7ae24ff.png]
[code.jquery.com/jquery-3.5.1.slim.min.js]
[cdn.jsdelivr.net/npm/popper.js@1.16.1/dist/umd/popper.min.js]
[auralist.glitch.me/bots.html]
[cdn.jsdelivr.net/npm/bootstrap@4.5.3/dist/css/bootstrap.min.css]
[auralist.glitch.me/css/main.css]
[cdn.jsdelivr.net/npm/bootstrap@4.5.3/dist/js/bootstrap.min.js]
[auralist.glitch.me/certified.html]
[auralist.glitch.me/bots/706590839530455081.html]
[auralist.glitch.me/bots/736025853707681902.html]
[auralist.glitch.me/bots/763042495655313479.html]
[auralist.glitch.me/bots/769945498651852821.html]
[auralist.glitch.me/bots/778906824514338859.html]
[auralist.glitch.me/bots/716251377470537828.html]
[auralist.glitch.me/bots/774060571334410240.html]
[auralist.glitch.me/bots/717089593576521773.html]
